INFO:root:Sending on port: 50005 and waiting for ACK on port: 50006
INFO:root:Sent packet 0
INFO:root:Sent packet 1
INFO:root:Sent packet 2
INFO:root:Sent packet 3
INFO:root:Sent packet 4
INFO:root:Sent packet 5
INFO:root:Sent packet 6
INFO:root:Sent packet 7
INFO:root:Sent packet 8
INFO:root:Received ack 0000000000
INFO:root:GBN 0
INFO:root:Sent packet 9
INFO:root:Received ack 0000000001
INFO:root:GBN 1
INFO:root:Sent packet 10
INFO:root:Received ack 0000000002
INFO:root:GBN 2
INFO:root:Sent packet 11
INFO:root:Received ack 0000000003
INFO:root:GBN 3
INFO:root:Sent packet 12
INFO:root:Received ack 0000000004
INFO:root:GBN 4
INFO:root:Sent packet 13
INFO:root:Received ack 0000000005
INFO:root:GBN 5
INFO:root:Sent packet 14
INFO:root:Received ack 0000000005
INFO:root:GBN too high 6
INFO:root:Sent packet 15
INFO:root:Received ack 0000000005
INFO:root:GBN too high 6
INFO:root:Received ack 0000000005
INFO:root:GBN too high 6
INFO:root:Received ack 0000000005
INFO:root:GBN too high 6
INFO:root:Received ack 0000000005
INFO:root:GBN too high 6
INFO:root:Received ack 0000000005
INFO:root:GBN too high 6
INFO:root:Received ack 0000000005
INFO:root:GBN too high 6
INFO:root:Resent packet 6
INFO:root:Resent packet 7
INFO:root:Received ack 0000000006
INFO:root:GBN 6
INFO:root:Resent packet 8
INFO:root:Resent packet 9
INFO:root:Sent packet 16
INFO:root:Received ack 0000000007
INFO:root:Resent packet 10
INFO:root:GBN 7
INFO:root:Resent packet 11
INFO:root:Sent packet 17
INFO:root:Resent packet 12
INFO:root:Received ack 0000000008
INFO:root:GBN 8
INFO:root:Resent packet 13
INFO:root:Resent packet 14
INFO:root:Sent packet 18
INFO:root:Received ack 0000000009
INFO:root:Resent packet 15
INFO:root:GBN 9
INFO:root:Sent packet 19
INFO:root:Received ack 0000000009
INFO:root:GBN too high 10
INFO:root:Received ack 0000000011
INFO:root:GBN Boosted Up 11
INFO:root:Sent packet 20
INFO:root:Received ack 0000000011
INFO:root:GBN 11
INFO:root:Sent packet 21
INFO:root:Received ack 0000000012
INFO:root:GBN 12
INFO:root:Sent packet 22
INFO:root:Received ack 0000000013
INFO:root:GBN 13
INFO:root:Sent packet 23
INFO:root:Received ack 0000000014
INFO:root:GBN 14
INFO:root:Sent packet 24
INFO:root:Received ack 0000000014
INFO:root:GBN too high 15
INFO:root:Received ack 0000000015
INFO:root:GBN 15
INFO:root:Sent packet 25
INFO:root:Received ack 0000000015
INFO:root:GBN too high 16
INFO:root:Received ack 0000000015
INFO:root:GBN too high 16
INFO:root:Received ack 0000000015
INFO:root:GBN too high 16
INFO:root:Received ack 0000000015
INFO:root:GBN too high 16
INFO:root:Received ack 0000000015
INFO:root:GBN too high 16
INFO:root:Received ack 0000000015
INFO:root:GBN too high 16
INFO:root:Received ack 0000000015
INFO:root:GBN too high 16
INFO:root:Resent packet 16
INFO:root:Resent packet 17
INFO:root:Received ack 0000000016
INFO:root:GBN 16
INFO:root:Resent packet 18
INFO:root:Resent packet 19
INFO:root:Sent packet 26
INFO:root:Received ack 0000000017
INFO:root:Resent packet 20
INFO:root:GBN 17
INFO:root:Resent packet 21
INFO:root:Sent packet 27
INFO:root:Resent packet 22
INFO:root:Received ack 0000000018
INFO:root:GBN 18
INFO:root:Sent packet 28
INFO:root:Received ack 0000000019
INFO:root:GBN 19
INFO:root:Sent packet 29
INFO:root:Received ack 0000000019
INFO:root:GBN too high 20
INFO:root:Resent packet 23
INFO:root:Resent packet 24
INFO:root:Resent packet 25
INFO:root:Received ack 0000000020
INFO:root:GBN 20
INFO:root:Sent packet 30
INFO:root:Received ack 0000000021
INFO:root:GBN 21
INFO:root:Sent packet 31
INFO:root:Received ack 0000000021
INFO:root:GBN too high 22
INFO:root:Received ack 0000000022
INFO:root:GBN 22
INFO:root:Sent packet 32
INFO:root:Received ack 0000000022
INFO:root:GBN too high 23
INFO:root:Received ack 0000000022
INFO:root:GBN too high 23
INFO:root:Received ack 0000000022
INFO:root:GBN too high 23
INFO:root:Received ack 0000000022
INFO:root:GBN too high 23
INFO:root:Received ack 0000000022
INFO:root:GBN too high 23
INFO:root:Received ack 0000000022
INFO:root:GBN too high 23
INFO:root:Resent packet 23
INFO:root:Resent packet 24
INFO:root:Received ack 0000000023
INFO:root:Resent packet 25
INFO:root:GBN 23
INFO:root:Resent packet 26
INFO:root:Sent packet 33
INFO:root:Resent packet 27
INFO:root:Received ack 0000000024
INFO:root:Resent packet 28
INFO:root:GBN 24
INFO:root:Resent packet 29
INFO:root:Sent packet 34
INFO:root:Resent packet 30
INFO:root:Received ack 0000000025
INFO:root:GBN 25
INFO:root:Resent packet 31
INFO:root:Resent packet 32
INFO:root:Sent packet 35
INFO:root:Received ack 0000000026
INFO:root:GBN 26
INFO:root:Sent packet 36
INFO:root:Received ack 0000000026
INFO:root:GBN too high 27
INFO:root:Received ack 0000000027
INFO:root:GBN 27
INFO:root:Sent packet 37
INFO:root:Received ack 0000000028
INFO:root:GBN 28
INFO:root:Sent packet 38
INFO:root:Received ack 0000000029
INFO:root:GBN 29
INFO:root:Sent packet 39
INFO:root:Received ack 0000000030
INFO:root:GBN 30
INFO:root:Sent packet 40
INFO:root:Received ack 0000000031
INFO:root:GBN 31
INFO:root:Sent packet 41
INFO:root:Received ack 0000000032
INFO:root:GBN 32
INFO:root:Sent packet 42
INFO:root:Received ack 0000000032
INFO:root:GBN too high 33
INFO:root:Received ack 0000000032
INFO:root:GBN too high 33
INFO:root:Received ack 0000000032
INFO:root:GBN too high 33
INFO:root:Received ack 0000000032
INFO:root:GBN too high 33
INFO:root:Received ack 0000000032
INFO:root:GBN too high 33
INFO:root:Received ack 0000000032
INFO:root:GBN too high 33
INFO:root:Received ack 0000000032
INFO:root:GBN too high 33
INFO:root:Received ack 0000000032
INFO:root:GBN too high 33
INFO:root:Resent packet 33
INFO:root:Resent packet 34
INFO:root:Received ack 0000000033
INFO:root:GBN 33
INFO:root:Resent packet 35
INFO:root:Resent packet 36
INFO:root:Sent packet 43
INFO:root:Received ack 0000000034
INFO:root:Resent packet 37
INFO:root:GBN 34
INFO:root:Resent packet 38
INFO:root:Sent packet 44
INFO:root:Resent packet 39
INFO:root:Received ack 0000000035
INFO:root:GBN 35
INFO:root:Resent packet 40
INFO:root:Resent packet 41
INFO:root:Sent packet 45
INFO:root:Resent packet 42
INFO:root:Received ack 0000000036
INFO:root:GBN 36
INFO:root:Sent packet 46
INFO:root:Received ack 0000000036
INFO:root:GBN too high 37
INFO:root:Received ack 0000000037
INFO:root:GBN 37
INFO:root:Sent packet 47
INFO:root:Received ack 0000000038
INFO:root:GBN 38
INFO:root:Sent packet 48
INFO:root:Received ack 0000000038
INFO:root:GBN too high 39
INFO:root:Received ack 0000000039
INFO:root:GBN 39
INFO:root:Sent packet 49
INFO:root:Received ack 0000000040
INFO:root:GBN 40
INFO:root:Sent packet 50
INFO:root:Received ack 0000000041
INFO:root:GBN 41
INFO:root:Sent packet 51
INFO:root:Received ack 0000000041
INFO:root:GBN too high 42
INFO:root:Received ack 0000000042
INFO:root:GBN 42
INFO:root:Sent packet 52
INFO:root:Received ack 0000000042
INFO:root:GBN too high 43
INFO:root:Received ack 0000000042
INFO:root:GBN too high 43
INFO:root:Received ack 0000000042
INFO:root:GBN too high 43
INFO:root:Received ack 0000000042
INFO:root:GBN too high 43
INFO:root:Received ack 0000000042
INFO:root:GBN too high 43
INFO:root:Received ack 0000000042
INFO:root:GBN too high 43
INFO:root:Received ack 0000000042
INFO:root:GBN too high 43
INFO:root:Resent packet 43
INFO:root:Received ack 0000000043
INFO:root:Resent packet 44
INFO:root:GBN 43
INFO:root:Resent packet 45
INFO:root:Sent packet 53
INFO:root:Resent packet 46
INFO:root:Received ack 0000000044
INFO:root:GBN 44
INFO:root:Resent packet 47
INFO:root:Sent packet 54
INFO:root:Received ack 0000000045
INFO:root:GBN 45
INFO:root:Sent packet 55
INFO:root:Received ack 0000000045
INFO:root:GBN too high 46
INFO:root:Resent packet 48
INFO:root:Resent packet 49
INFO:root:Resent packet 50
INFO:root:Resent packet 51
INFO:root:Resent packet 52
INFO:root:Received ack 0000000046
INFO:root:GBN 46
INFO:root:Sent packet 56
INFO:root:Received ack 0000000047
INFO:root:GBN 47
INFO:root:Sent packet 57
INFO:root:Received ack 0000000047
INFO:root:GBN too high 48
INFO:root:Received ack 0000000047
INFO:root:GBN too high 48
INFO:root:Received ack 0000000047
INFO:root:GBN too high 48
INFO:root:Received ack 0000000047
INFO:root:GBN too high 48
INFO:root:Received ack 0000000047
INFO:root:GBN too high 48
INFO:root:Received ack 0000000047
INFO:root:GBN too high 48
INFO:root:Received ack 0000000047
INFO:root:GBN too high 48
INFO:root:Received ack 0000000047
INFO:root:GBN too high 48
INFO:root:Resent packet 48
INFO:root:Resent packet 49
INFO:root:Received ack 0000000048
INFO:root:GBN 48
INFO:root:Resent packet 50
INFO:root:Resent packet 51
INFO:root:Sent packet 58
INFO:root:Received ack 0000000049
INFO:root:Resent packet 52
INFO:root:GBN 49
INFO:root:Resent packet 53
INFO:root:Sent packet 59
INFO:root:Resent packet 54
INFO:root:Received ack 0000000050
INFO:root:GBN 50
INFO:root:Resent packet 55
INFO:root:Sent packet 60
INFO:root:Resent packet 56
INFO:root:Received ack 0000000051
INFO:root:Resent packet 57
INFO:root:GBN 51
INFO:root:Sent packet 61
INFO:root:Received ack 0000000051
INFO:root:GBN too high 52
INFO:root:Received ack 0000000052
INFO:root:GBN 52
INFO:root:Sent packet 62
INFO:root:Received ack 0000000053
INFO:root:GBN 53
INFO:root:Sent packet 63
INFO:root:Received ack 0000000053
INFO:root:GBN too high 54
INFO:root:Received ack 0000000054
INFO:root:GBN 54
INFO:root:Sent packet 64
INFO:root:Received ack 0000000055
INFO:root:GBN 55
INFO:root:Sent packet 65
INFO:root:Received ack 0000000056
INFO:root:GBN 56
INFO:root:Sent packet 66
INFO:root:Received ack 0000000056
INFO:root:GBN too high 57
INFO:root:Received ack 0000000057
INFO:root:GBN 57
INFO:root:Sent packet 67
INFO:root:Received ack 0000000057
INFO:root:GBN too high 58
INFO:root:Received ack 0000000057
INFO:root:GBN too high 58
INFO:root:Received ack 0000000057
INFO:root:GBN too high 58
INFO:root:Received ack 0000000057
INFO:root:GBN too high 58
INFO:root:Received ack 0000000057
INFO:root:GBN too high 58
INFO:root:Received ack 0000000057
INFO:root:GBN too high 58
INFO:root:Resent packet 58
INFO:root:Resent packet 59
INFO:root:Received ack 0000000058
INFO:root:GBN 58
INFO:root:Resent packet 60
INFO:root:Resent packet 61
INFO:root:Sent packet 68
INFO:root:Received ack 0000000059
INFO:root:Resent packet 62
INFO:root:GBN 59
INFO:root:Resent packet 63
INFO:root:Sent packet 69
INFO:root:Resent packet 64
INFO:root:Received ack 0000000060
INFO:root:GBN 60
INFO:root:Resent packet 65
INFO:root:Resent packet 66
INFO:root:Sent packet 70
INFO:root:Resent packet 67
INFO:root:Received ack 0000000061
INFO:root:GBN 61
INFO:root:Sent packet 71
INFO:root:Received ack 0000000061
INFO:root:GBN too high 62
INFO:root:Received ack 0000000062
INFO:root:GBN 62
INFO:root:Sent packet 72
INFO:root:Received ack 0000000063
INFO:root:GBN 63
INFO:root:Sent packet 73
INFO:root:Received ack 0000000063
INFO:root:GBN too high 64
INFO:root:Received ack 0000000064
INFO:root:GBN 64
INFO:root:Sent packet 74
INFO:root:Received ack 0000000065
INFO:root:GBN 65
INFO:root:Sent packet 75
INFO:root:Received ack 0000000066
INFO:root:GBN 66
INFO:root:Sent packet 76
INFO:root:Received ack 0000000066
INFO:root:GBN too high 67
INFO:root:Received ack 0000000067
INFO:root:GBN 67
INFO:root:Sent packet 77
INFO:root:Received ack 0000000067
INFO:root:GBN too high 68
INFO:root:Received ack 0000000067
INFO:root:GBN too high 68
INFO:root:Received ack 0000000067
INFO:root:GBN too high 68
INFO:root:Received ack 0000000067
INFO:root:GBN too high 68
INFO:root:Received ack 0000000067
INFO:root:GBN too high 68
INFO:root:Received ack 0000000067
INFO:root:GBN too high 68
INFO:root:Received ack 0000000067
INFO:root:GBN too high 68
INFO:root:Resent packet 68
INFO:root:Resent packet 69
INFO:root:Resent packet 70
INFO:root:Resent packet 71
INFO:root:Resent packet 72
INFO:root:Resent packet 73
INFO:root:Resent packet 74
INFO:root:Resent packet 75
INFO:root:Resent packet 76
INFO:root:Resent packet 77
INFO:root:Received ack 0000000069
INFO:root:GBN Boosted Up 69
INFO:root:Sent packet 78
INFO:root:Received ack 0000000070
INFO:root:GBN Boosted Up 70
INFO:root:Sent packet 79
INFO:root:Received ack 0000000072
INFO:root:GBN Boosted Up 72
INFO:root:Sent packet 80
INFO:root:Received ack 0000000073
INFO:root:GBN Boosted Up 73
INFO:root:Sent packet 81
INFO:root:Received ack 0000000074
INFO:root:GBN Boosted Up 74
INFO:root:Sent packet 82
INFO:root:Received ack 0000000075
INFO:root:GBN Boosted Up 75
INFO:root:Sent packet 83
INFO:root:Received ack 0000000076
INFO:root:GBN Boosted Up 76
INFO:root:Sent packet 84
INFO:root:Received ack 0000000077
INFO:root:GBN Boosted Up 77
INFO:root:Sent packet 85
INFO:root:Received ack 0000000078
INFO:root:GBN Boosted Up 78
INFO:root:Sent packet 86
INFO:root:Received ack 0000000078
INFO:root:GBN 78
INFO:root:Sent packet 87
INFO:root:Received ack 0000000078
INFO:root:GBN too high 79
INFO:root:Sent packet 88
INFO:root:Received ack 0000000078
INFO:root:GBN too high 79
INFO:root:Resent packet 75
INFO:root:Resent packet 74
INFO:root:Resent packet 72
INFO:root:Resent packet 76
INFO:root:Resent packet 77
INFO:root:Resent packet 73
INFO:root:Resent packet 76
INFO:root:Resent packet 75
INFO:root:Resent packet 73
INFO:root:Received ack 0000000078
INFO:root:Resent packet 77
INFO:root:Resent packet 78
INFO:root:Resent packet 74
INFO:root:Resent packet 77
INFO:root:Resent packet 76
INFO:root:GBN too high 79
INFO:root:Resent packet 74
INFO:root:Resent packet 78
INFO:root:Resent packet 79
INFO:root:Resent packet 75
INFO:root:Resent packet 78
INFO:root:Resent packet 77
INFO:root:Resent packet 75
INFO:root:Resent packet 79
INFO:root:Resent packet 80
INFO:root:Resent packet 76
INFO:root:Resent packet 79
INFO:root:Resent packet 78
INFO:root:Resent packet 76
INFO:root:Resent packet 80
INFO:root:Resent packet 81
INFO:root:Resent packet 77
INFO:root:Resent packet 80
INFO:root:Resent packet 79
INFO:root:Resent packet 77
INFO:root:Resent packet 81
INFO:root:Resent packet 82
INFO:root:Resent packet 78
INFO:root:Resent packet 80
INFO:root:Resent packet 78
INFO:root:Resent packet 82
INFO:root:Resent packet 83
INFO:root:Resent packet 79
INFO:root:Resent packet 81
INFO:root:Resent packet 79
INFO:root:Resent packet 83
INFO:root:Resent packet 84
INFO:root:Resent packet 80
INFO:root:Resent packet 82
INFO:root:Resent packet 80
INFO:root:Resent packet 84
INFO:root:Resent packet 85
INFO:root:Resent packet 81
INFO:root:Resent packet 83
INFO:root:Resent packet 81
INFO:root:Resent packet 85
INFO:root:Resent packet 86
INFO:root:Resent packet 82
INFO:root:Resent packet 81
INFO:root:Resent packet 82
INFO:root:Resent packet 83
INFO:root:Resent packet 84
INFO:root:Received ack 0000000078
INFO:root:GBN too high 79
INFO:root:Received ack 0000000078
INFO:root:GBN too high 79
INFO:root:Received ack 0000000078
INFO:root:GBN too high 79
INFO:root:Received ack 0000000078
INFO:root:GBN too high 79
INFO:root:Received ack 0000000078
INFO:root:GBN too high 79
INFO:root:Received ack 0000000078
INFO:root:GBN too high 79
INFO:root:Received ack 0000000078
INFO:root:GBN too high 79
INFO:root:Received ack 0000000078
INFO:root:GBN too high 79
INFO:root:Received ack 0000000078
INFO:root:GBN too high 79
INFO:root:Received ack 0000000078
INFO:root:GBN too high 79
INFO:root:Received ack 0000000078
INFO:root:GBN too high 79
INFO:root:Received ack 0000000078
INFO:root:GBN too high 79
INFO:root:Received ack 0000000078
INFO:root:GBN too high 79
INFO:root:Received ack 0000000078
INFO:root:GBN too high 79
INFO:root:Received ack 0000000078
INFO:root:GBN too high 79
INFO:root:Received ack 0000000078
INFO:root:GBN too high 79
INFO:root:Received ack 0000000078
INFO:root:GBN too high 79
INFO:root:Received ack 0000000078
INFO:root:GBN too high 79
INFO:root:Received ack 0000000078
INFO:root:GBN too high 79
INFO:root:Received ack 0000000079
INFO:root:GBN 79
INFO:root:Sent packet 89
INFO:root:Received ack 0000000079
INFO:root:GBN too high 80
INFO:root:Received ack 0000000079
INFO:root:GBN too high 80
INFO:root:Received ack 0000000079
INFO:root:GBN too high 80
INFO:root:Received ack 0000000079
INFO:root:GBN too high 80
INFO:root:Received ack 0000000080
INFO:root:GBN 80
INFO:root:Sent packet 90
INFO:root:Received ack 0000000080
INFO:root:GBN too high 81
INFO:root:Received ack 0000000080
INFO:root:GBN too high 81
INFO:root:Received ack 0000000080
INFO:root:GBN too high 81
INFO:root:Received ack 0000000080
INFO:root:GBN too high 81
INFO:root:Received ack 0000000080
INFO:root:GBN too high 81
INFO:root:Received ack 0000000081
INFO:root:GBN 81
INFO:root:Sent packet 91
INFO:root:Received ack 0000000081
INFO:root:GBN too high 82
INFO:root:Received ack 0000000081
INFO:root:GBN too high 82
INFO:root:Received ack 0000000081
INFO:root:GBN too high 82
INFO:root:Received ack 0000000081
INFO:root:GBN too high 82
INFO:root:Received ack 0000000081
INFO:root:GBN too high 82
INFO:root:Received ack 0000000082
INFO:root:GBN 82
INFO:root:Sent packet 92
INFO:root:Received ack 0000000082
INFO:root:GBN too high 83
INFO:root:Received ack 0000000082
INFO:root:GBN too high 83
INFO:root:Received ack 0000000082
INFO:root:GBN too high 83
INFO:root:Received ack 0000000082
INFO:root:GBN too high 83
INFO:root:Received ack 0000000083
INFO:root:GBN 83
INFO:root:Sent packet 93
INFO:root:Received ack 0000000083
INFO:root:GBN too high 84
INFO:root:Received ack 0000000083
INFO:root:GBN too high 84
INFO:root:Received ack 0000000083
INFO:root:GBN too high 84
INFO:root:Received ack 0000000083
INFO:root:GBN too high 84
INFO:root:Received ack 0000000084
INFO:root:GBN 84
INFO:root:Sent packet 94
INFO:root:Received ack 0000000084
INFO:root:GBN too high 85
INFO:root:Received ack 0000000084
INFO:root:GBN too high 85
INFO:root:Received ack 0000000084
INFO:root:GBN too high 85
INFO:root:Received ack 0000000084
INFO:root:GBN too high 85
INFO:root:Received ack 0000000085
INFO:root:GBN 85
INFO:root:Sent packet 95
INFO:root:Received ack 0000000085
INFO:root:GBN too high 86
INFO:root:Received ack 0000000085
INFO:root:GBN too high 86
INFO:root:Received ack 0000000085
INFO:root:GBN too high 86
INFO:root:Received ack 0000000085
INFO:root:GBN too high 86
INFO:root:Received ack 0000000086
INFO:root:GBN 86
INFO:root:Sent packet 96
INFO:root:Received ack 0000000086
INFO:root:GBN too high 87
INFO:root:Received ack 0000000086
INFO:root:GBN too high 87
INFO:root:Received ack 0000000086
INFO:root:GBN too high 87
INFO:root:Received ack 0000000086
INFO:root:GBN too high 87
INFO:root:Received ack 0000000086
INFO:root:GBN too high 87
INFO:root:Received ack 0000000086
INFO:root:GBN too high 87
INFO:root:Received ack 0000000086
INFO:root:GBN too high 87
INFO:root:Received ack 0000000086
INFO:root:GBN too high 87
INFO:root:Received ack 0000000086
INFO:root:GBN too high 87
INFO:root:Received ack 0000000086
INFO:root:GBN too high 87
INFO:root:Received ack 0000000086
INFO:root:GBN too high 87
INFO:root:Resent packet 87
INFO:root:Resent packet 88
INFO:root:Received ack 0000000087
INFO:root:GBN 87
INFO:root:Resent packet 89
INFO:root:Resent packet 90
INFO:root:Sent packet 97
INFO:root:Received ack 0000000088
INFO:root:Resent packet 91
INFO:root:GBN 88
INFO:root:Resent packet 92
INFO:root:Received ack 0000000089
INFO:root:GBN 89
INFO:root:Received ack 0000000090
INFO:root:GBN 90
INFO:root:Received ack 0000000091
INFO:root:GBN 91
INFO:root:Received ack 0000000092
INFO:root:GBN 92
INFO:root:Resent packet 93
INFO:root:Resent packet 94
INFO:root:Received ack 0000000092
INFO:root:Resent packet 95
INFO:root:GBN too high 93
INFO:root:Resent packet 96
INFO:root:Received ack 0000000092
INFO:root:GBN too high 93
INFO:root:Received ack 0000000092
INFO:root:GBN too high 93
INFO:root:Resent packet 93
INFO:root:Received ack 0000000093
INFO:root:Resent packet 94
INFO:root:GBN 93
INFO:root:Resent packet 95
INFO:root:Received ack 0000000094
INFO:root:GBN 94
INFO:root:Resent packet 96
INFO:root:Received ack 0000000095
INFO:root:Resent packet 97
INFO:root:GBN 95
INFO:root:Received ack 0000000096
INFO:root:GBN 96
